{"C:\\Users\\PCC\\Desktop\\HCM\\readyon-time-off-service\\src\\app.controller.ts": {"path":"C:\\Users\\PCC\\Desktop\\HCM\\readyon-time-off-service\\src\\app.controller.ts","statementMap":{"0":{"start":{"line":1,"column":0},"end":{"line":1,"column":49}},"1":{"start":{"line":2,"column":0},"end":{"line":2,"column":43}},"2":{"start":{"line":5,"column":7},"end":{"line":12,"column":null}},"3":{"start":{"line":6,"column":31},"end":{"line":6,"column":43}},"4":{"start":{"line":10,"column":4},"end":{"line":10,"column":38}},"5":{"start":{"line":5,"column":13},"end":{"line":5,"column":26}},"6":{"start":{"line":9,"column":2},"end":{"line":11,"column":null}},"7":{"start":{"line":5,"column":13},"end":{"line":12,"column":null}}},"fnMap":{"0":{"name":"(anonymous_2)","decl":{"start":{"line":6,"column":2},"end":{"line":6,"column":31}},"loc":{"start":{"line":6,"column":53},"end":{"line":6,"column":57}}},"1":{"name":"(anonymous_3)","decl":{"start":{"line":9,"column":2},"end":{"line":9,"column":10}},"loc":{"start":{"line":9,"column":10},"end":{"line":11,"column":3}}}},"branchMap":{"0":{"loc":{"start":{"line":6,"column":43},"end":{"line":6,"column":56}},"type":"cond-expr","locations":[{"start":{"line":6,"column":53},"end":{"line":6,"column":56}},{"start":{"line":6,"column":53},"end":{"line":6,"column":56}}]},"1":{"loc":{"start":{"line":6,"column":43},"end":{"line":6,"column":53}},"type":"binary-expr","locations":[{"start":{"line":6,"column":43},"end":{"line":6,"column":56}},{"start":{"line":6,"column":43},"end":{"line":6,"column":53}}]}},"s":{"0":1,"1":1,"2":1,"3":1,"4":1,"5":1,"6":1,"7":1},"f":{"0":1,"1":1},"b":{"0":[1,0],"1":[1,1]}}
,"C:\\Users\\PCC\\Desktop\\HCM\\readyon-time-off-service\\src\\app.module.ts": {"path":"C:\\Users\\PCC\\Desktop\\HCM\\readyon-time-off-service\\src\\app.module.ts","statementMap":{"0":{"start":{"line":1,"column":0},"end":{"line":1,"column":40}},"1":{"start":{"line":2,"column":0},"end":{"line":2,"column":48}},"2":{"start":{"line":3,"column":0},"end":{"line":3,"column":46}},"3":{"start":{"line":4,"column":0},"end":{"line":4,"column":59}},"4":{"start":{"line":5,"column":0},"end":{"line":5,"column":45}},"5":{"start":{"line":6,"column":0},"end":{"line":6,"column":49}},"6":{"start":{"line":7,"column":0},"end":{"line":7,"column":43}},"7":{"start":{"line":8,"column":0},"end":{"line":8,"column":67}},"8":{"start":{"line":9,"column":0},"end":{"line":9,"column":63}},"9":{"start":{"line":10,"column":0},"end":{"line":10,"column":77}},"10":{"start":{"line":11,"column":0},"end":{"line":11,"column":77}},"11":{"start":{"line":12,"column":0},"end":{"line":12,"column":74}},"12":{"start":{"line":13,"column":0},"end":{"line":13,"column":62}},"13":{"start":{"line":33,"column":7},"end":{"line":33,"column":null}},"14":{"start":{"line":33,"column":13},"end":{"line":33,"column":22}},"15":{"start":{"line":33,"column":13},"end":{"line":33,"column":null}}},"fnMap":{},"branchMap":{"0":{"loc":{"start":{"line":22,"column":16},"end":{"line":22,"column":62}},"type":"binary-expr","locations":[{"start":{"line":22,"column":16},"end":{"line":22,"column":41}},{"start":{"line":22,"column":45},"end":{"line":22,"column":62}}]}},"s":{"0":0,"1":0,"2":0,"3":0,"4":0,"5":0,"6":0,"7":0,"8":0,"9":0,"10":0,"11":0,"12":0,"13":0,"14":0,"15":0},"f":{},"b":{"0":[0,0]}}
,"C:\\Users\\PCC\\Desktop\\HCM\\readyon-time-off-service\\src\\app.service.ts": {"path":"C:\\Users\\PCC\\Desktop\\HCM\\readyon-time-off-service\\src\\app.service.ts","statementMap":{"0":{"start":{"line":1,"column":0},"end":{"line":1,"column":44}},"1":{"start":{"line":4,"column":7},"end":{"line":8,"column":null}},"2":{"start":{"line":6,"column":4},"end":{"line":6,"column":26}},"3":{"start":{"line":4,"column":13},"end":{"line":4,"column":23}},"4":{"start":{"line":4,"column":13},"end":{"line":8,"column":null}}},"fnMap":{"0":{"name":"(anonymous_1)","decl":{"start":{"line":5,"column":2},"end":{"line":5,"column":10}},"loc":{"start":{"line":5,"column":10},"end":{"line":7,"column":3}}}},"branchMap":{},"s":{"0":1,"1":1,"2":1,"3":1,"4":1},"f":{"0":1},"b":{}}
,"C:\\Users\\PCC\\Desktop\\HCM\\readyon-time-off-service\\src\\main.ts": {"path":"C:\\Users\\PCC\\Desktop\\HCM\\readyon-time-off-service\\src\\main.ts","statementMap":{"0":{"start":{"line":1,"column":0},"end":{"line":1,"column":43}},"1":{"start":{"line":2,"column":0},"end":{"line":2,"column":56}},"2":{"start":{"line":3,"column":0},"end":{"line":3,"column":41}},"3":{"start":{"line":4,"column":0},"end":{"line":4,"column":77}},"4":{"start":{"line":7,"column":17},"end":{"line":7,"column":40}},"5":{"start":{"line":8,"column":14},"end":{"line":8,"column":49}},"6":{"start":{"line":11,"column":2},"end":{"line":15,"column":6}},"7":{"start":{"line":18,"column":2},"end":{"line":18,"column":50}},"8":{"start":{"line":20,"column":15},"end":{"line":20,"column":39}},"9":{"start":{"line":21,"column":2},"end":{"line":21,"column":25}},"10":{"start":{"line":22,"column":2},"end":{"line":22,"column":78}},"11":{"start":{"line":24,"column":0},"end":{"line":24,"column":12}}},"fnMap":{"0":{"name":"bootstrap","decl":{"start":{"line":6,"column":15},"end":{"line":6,"column":24}},"loc":{"start":{"line":6,"column":24},"end":{"line":23,"column":1}}}},"branchMap":{"0":{"loc":{"start":{"line":20,"column":15},"end":{"line":20,"column":39}},"type":"binary-expr","locations":[{"start":{"line":20,"column":15},"end":{"line":20,"column":31}},{"start":{"line":20,"column":35},"end":{"line":20,"column":39}}]}},"s":{"0":0,"1":0,"2":0,"3":0,"4":0,"5":0,"6":0,"7":0,"8":0,"9":0,"10":0,"11":0},"f":{"0":0},"b":{"0":[0,0]}}
,"C:\\Users\\PCC\\Desktop\\HCM\\readyon-time-off-service\\src\\common\\entities\\audit-log.entity.ts": {"path":"C:\\Users\\PCC\\Desktop\\HCM\\readyon-time-off-service\\src\\common\\entities\\audit-log.entity.ts","statementMap":{"0":{"start":{"line":1,"column":0},"end":{"line":1,"column":83}},"1":{"start":{"line":4,"column":7},"end":{"line":25,"column":null}},"2":{"start":{"line":4,"column":13},"end":{"line":4,"column":21}},"3":{"start":{"line":6,"column":2},"end":{"line":6,"column":null}},"4":{"start":{"line":9,"column":2},"end":{"line":9,"column":22}},"5":{"start":{"line":12,"column":2},"end":{"line":12,"column":null}},"6":{"start":{"line":15,"column":2},"end":{"line":15,"column":18}},"7":{"start":{"line":18,"column":2},"end":{"line":18,"column":null}},"8":{"start":{"line":21,"column":2},"end":{"line":21,"column":null}},"9":{"start":{"line":24,"column":2},"end":{"line":24,"column":null}},"10":{"start":{"line":4,"column":13},"end":{"line":25,"column":null}}},"fnMap":{},"branchMap":{"0":{"loc":{"start":{"line":24,"column":13},"end":{"line":24,"column":18}},"type":"cond-expr","locations":[{"start":{"line":24,"column":17},"end":{"line":24,"column":18}},{"start":{"line":24,"column":17},"end":{"line":24,"column":18}}]},"1":{"loc":{"start":{"line":24,"column":13},"end":{"line":24,"column":17}},"type":"binary-expr","locations":[{"start":{"line":24,"column":13},"end":{"line":24,"column":18}},{"start":{"line":24,"column":13},"end":{"line":24,"column":17}}]}},"s":{"0":1,"1":1,"2":1,"3":1,"4":1,"5":1,"6":1,"7":1,"8":1,"9":1,"10":1},"f":{},"b":{"0":[1,0],"1":[1,1]}}
,"C:\\Users\\PCC\\Desktop\\HCM\\readyon-time-off-service\\src\\common\\entities\\idempotency-key.entity.ts": {"path":"C:\\Users\\PCC\\Desktop\\HCM\\readyon-time-off-service\\src\\common\\entities\\idempotency-key.entity.ts","statementMap":{"0":{"start":{"line":1,"column":0},"end":{"line":1,"column":74}},"1":{"start":{"line":4,"column":7},"end":{"line":16,"column":null}},"2":{"start":{"line":4,"column":13},"end":{"line":4,"column":27}},"3":{"start":{"line":6,"column":2},"end":{"line":6,"column":15}},"4":{"start":{"line":9,"column":2},"end":{"line":9,"column":20}},"5":{"start":{"line":12,"column":2},"end":{"line":12,"column":null}},"6":{"start":{"line":15,"column":2},"end":{"line":15,"column":null}},"7":{"start":{"line":4,"column":13},"end":{"line":16,"column":null}}},"fnMap":{},"branchMap":{"0":{"loc":{"start":{"line":15,"column":13},"end":{"line":15,"column":18}},"type":"cond-expr","locations":[{"start":{"line":15,"column":17},"end":{"line":15,"column":18}},{"start":{"line":15,"column":17},"end":{"line":15,"column":18}}]},"1":{"loc":{"start":{"line":15,"column":13},"end":{"line":15,"column":17}},"type":"binary-expr","locations":[{"start":{"line":15,"column":13},"end":{"line":15,"column":18}},{"start":{"line":15,"column":13},"end":{"line":15,"column":17}}]}},"s":{"0":1,"1":1,"2":1,"3":1,"4":1,"5":1,"6":1,"7":1},"f":{},"b":{"0":[1,0],"1":[1,1]}}
,"C:\\Users\\PCC\\Desktop\\HCM\\readyon-time-off-service\\src\\common\\filters\\all-exceptions.filter.ts": {"path":"C:\\Users\\PCC\\Desktop\\HCM\\readyon-time-off-service\\src\\common\\filters\\all-exceptions.filter.ts","statementMap":{"0":{"start":{"line":1,"column":0},"end":{"line":1,"column":98}},"1":{"start":{"line":5,"column":7},"end":{"line":28,"column":null}},"2":{"start":{"line":7,"column":16},"end":{"line":7,"column":35}},"3":{"start":{"line":8,"column":21},"end":{"line":8,"column":48}},"4":{"start":{"line":9,"column":20},"end":{"line":9,"column":45}},"5":{"start":{"line":12,"column":6},"end":{"line":14,"column":42}},"6":{"start":{"line":17,"column":6},"end":{"line":19,"column":33}},"7":{"start":{"line":21,"column":4},"end":{"line":26,"column":7}},"8":{"start":{"line":5,"column":13},"end":{"line":5,"column":32}},"9":{"start":{"line":5,"column":13},"end":{"line":28,"column":null}}},"fnMap":{"0":{"name":"(anonymous_1)","decl":{"start":{"line":6,"column":2},"end":{"line":6,"column":7}},"loc":{"start":{"line":6,"column":47},"end":{"line":27,"column":3}}}},"branchMap":{"0":{"loc":{"start":{"line":12,"column":6},"end":{"line":14,"column":42}},"type":"cond-expr","locations":[{"start":{"line":13,"column":10},"end":{"line":13,"column":31}},{"start":{"line":14,"column":10},"end":{"line":14,"column":42}}]},"1":{"loc":{"start":{"line":17,"column":6},"end":{"line":19,"column":33}},"type":"cond-expr","locations":[{"start":{"line":18,"column":10},"end":{"line":18,"column":33}},{"start":{"line":19,"column":10},"end":{"line":19,"column":33}}]}},"s":{"0":0,"1":0,"2":0,"3":0,"4":0,"5":0,"6":0,"7":0,"8":0,"9":0},"f":{"0":0},"b":{"0":[0,0],"1":[0,0]}}
,"C:\\Users\\PCC\\Desktop\\HCM\\readyon-time-off-service\\src\\hcm\\hcm.module.ts": {"path":"C:\\Users\\PCC\\Desktop\\HCM\\readyon-time-off-service\\src\\hcm\\hcm.module.ts","statementMap":{"0":{"start":{"line":1,"column":0},"end":{"line":1,"column":40}},"1":{"start":{"line":2,"column":0},"end":{"line":2,"column":43}},"2":{"start":{"line":3,"column":0},"end":{"line":3,"column":43}},"3":{"start":{"line":10,"column":7},"end":{"line":10,"column":null}},"4":{"start":{"line":10,"column":13},"end":{"line":10,"column":22}},"5":{"start":{"line":10,"column":13},"end":{"line":10,"column":null}}},"fnMap":{},"branchMap":{},"s":{"0":0,"1":0,"2":0,"3":0,"4":0,"5":0},"f":{},"b":{}}
,"C:\\Users\\PCC\\Desktop\\HCM\\readyon-time-off-service\\src\\hcm\\hcm.service.ts": {"path":"C:\\Users\\PCC\\Desktop\\HCM\\readyon-time-off-service\\src\\hcm\\hcm.service.ts","statementMap":{"0":{"start":{"line":1,"column":0},"end":{"line":1,"column":111}},"1":{"start":{"line":2,"column":0},"end":{"line":2,"column":44}},"2":{"start":{"line":3,"column":0},"end":{"line":3,"column":38}},"3":{"start":{"line":4,"column":23},"end":{"line":4,"column":41}},"4":{"start":{"line":7,"column":23},"end":{"line":89,"column":null}},"5":{"start":{"line":8,"column":28},"end":{"line":8,"column":55}},"6":{"start":{"line":10,"column":32},"end":{"line":10,"column":64}},"7":{"start":{"line":12,"column":31},"end":{"line":12,"column":44}},"8":{"start":{"line":13,"column":20},"end":{"line":17,"column":6}},"9":{"start":{"line":19,"column":4},"end":{"line":19,"column":72}},"10":{"start":{"line":25,"column":16},"end":{"line":25,"column":47}},"11":{"start":{"line":26,"column":18},"end":{"line":26,"column":19}},"12":{"start":{"line":27,"column":23},"end":{"line":27,"column":24}},"13":{"start":{"line":29,"column":4},"end":{"line":44,"column":5}},"14":{"start":{"line":30,"column":6},"end":{"line":43,"column":7}},"15":{"start":{"line":31,"column":25},"end":{"line":34,"column":null}},"16":{"start":{"line":36,"column":8},"end":{"line":36,"column":29}},"17":{"start":{"line":38,"column":8},"end":{"line":38,"column":18}},"18":{"start":{"line":39,"column":8},"end":{"line":39,"column":46}},"19":{"start":{"line":39,"column":34},"end":{"line":39,"column":46}},"20":{"start":{"line":40,"column":22},"end":{"line":40,"column":86}},"21":{"start":{"line":41,"column":8},"end":{"line":41,"column":106}},"22":{"start":{"line":42,"column":8},"end":{"line":42,"column":65}},"23":{"start":{"line":42,"column":37},"end":{"line":42,"column":63}},"24":{"start":{"line":48,"column":4},"end":{"line":54,"column":5}},"25":{"start":{"line":49,"column":19},"end":{"line":49,"column":123}},"26":{"start":{"line":50,"column":6},"end":{"line":50,"column":35}},"27":{"start":{"line":52,"column":6},"end":{"line":52,"column":49}},"28":{"start":{"line":53,"column":6},"end":{"line":53,"column":19}},"29":{"start":{"line":58,"column":4},"end":{"line":64,"column":5}},"30":{"start":{"line":59,"column":19},"end":{"line":59,"column":136}},"31":{"start":{"line":60,"column":6},"end":{"line":60,"column":32}},"32":{"start":{"line":62,"column":6},"end":{"line":62,"column":47}},"33":{"start":{"line":63,"column":6},"end":{"line":63,"column":18}},"34":{"start":{"line":68,"column":4},"end":{"line":74,"column":5}},"35":{"start":{"line":69,"column":19},"end":{"line":69,"column":68}},"36":{"start":{"line":70,"column":6},"end":{"line":70,"column":45}},"37":{"start":{"line":72,"column":6},"end":{"line":72,"column":88}},"38":{"start":{"line":73,"column":6},"end":{"line":73,"column":16}},"39":{"start":{"line":78,"column":4},"end":{"line":80,"column":5}},"40":{"start":{"line":79,"column":6},"end":{"line":79,"column":18}},"41":{"start":{"line":82,"column":4},"end":{"line":82,"column":77}},"42":{"start":{"line":83,"column":19},"end":{"line":83,"column":48}},"43":{"start":{"line":84,"column":20},"end":{"line":84,"column":85}},"44":{"start":{"line":86,"column":4},"end":{"line":86,"column":72}},"45":{"start":{"line":86,"column":24},"end":{"line":86,"column":72}},"46":{"start":{"line":87,"column":4},"end":{"line":87,"column":83}},"47":{"start":{"line":7,"column":13},"end":{"line":7,"column":23}},"48":{"start":{"line":7,"column":13},"end":{"line":89,"column":null}}},"fnMap":{"0":{"name":"(anonymous_2)","decl":{"start":{"line":12,"column":2},"end":{"line":12,"column":31}},"loc":{"start":{"line":12,"column":55},"end":{"line":22,"column":3}}},"1":{"name":"(anonymous_3)","decl":{"start":{"line":24,"column":10},"end":{"line":24,"column":15}},"loc":{"start":{"line":24,"column":76},"end":{"line":45,"column":3}}},"2":{"name":"(anonymous_4)","decl":{"start":{"line":42,"column":26},"end":{"line":42,"column":33}},"loc":{"start":{"line":42,"column":37},"end":{"line":42,"column":63}}},"3":{"name":"(anonymous_5)","decl":{"start":{"line":47,"column":2},"end":{"line":47,"column":7}},"loc":{"start":{"line":47,"column":77},"end":{"line":55,"column":3}}},"4":{"name":"(anonymous_6)","decl":{"start":{"line":57,"column":2},"end":{"line":57,"column":7}},"loc":{"start":{"line":57,"column":94},"end":{"line":65,"column":3}}},"5":{"name":"(anonymous_7)","decl":{"start":{"line":67,"column":2},"end":{"line":67,"column":7}},"loc":{"start":{"line":67,"column":27},"end":{"line":75,"column":3}}},"6":{"name":"(anonymous_8)","decl":{"start":{"line":77,"column":10},"end":{"line":77,"column":21}},"loc":{"start":{"line":77,"column":49},"end":{"line":88,"column":3}}}},"branchMap":{"0":{"loc":{"start":{"line":32,"column":10},"end":{"line":34,"column":46}},"type":"cond-expr","locations":[{"start":{"line":33,"column":14},"end":{"line":33,"column":39}},{"start":{"line":34,"column":14},"end":{"line":34,"column":46}}]},"1":{"loc":{"start":{"line":39,"column":8},"end":{"line":39,"column":46}},"type":"if","locations":[{"start":{"line":39,"column":8},"end":{"line":39,"column":46}},{"start":{},"end":{}}]},"2":{"loc":{"start":{"line":40,"column":22},"end":{"line":40,"column":86}},"type":"cond-expr","locations":[{"start":{"line":40,"column":56},"end":{"line":40,"column":57}},{"start":{"line":40,"column":60},"end":{"line":40,"column":86}}]},"3":{"loc":{"start":{"line":70,"column":13},"end":{"line":70,"column":44}},"type":"cond-expr","locations":[{"start":{"line":70,"column":35},"end":{"line":70,"column":39}},{"start":{"line":70,"column":42},"end":{"line":70,"column":44}}]},"4":{"loc":{"start":{"line":78,"column":4},"end":{"line":80,"column":5}},"type":"if","locations":[{"start":{"line":78,"column":4},"end":{"line":80,"column":5}},{"start":{},"end":{}}]},"5":{"loc":{"start":{"line":78,"column":8},"end":{"line":78,"column":101}},"type":"binary-expr","locations":[{"start":{"line":78,"column":8},"end":{"line":78,"column":52}},{"start":{"line":78,"column":56},"end":{"line":78,"column":101}}]},"6":{"loc":{"start":{"line":83,"column":19},"end":{"line":83,"column":48}},"type":"binary-expr","locations":[{"start":{"line":83,"column":19},"end":{"line":83,"column":41}},{"start":{"line":83,"column":45},"end":{"line":83,"column":48}}]},"7":{"loc":{"start":{"line":84,"column":20},"end":{"line":84,"column":85}},"type":"binary-expr","locations":[{"start":{"line":84,"column":20},"end":{"line":84,"column":49}},{"start":{"line":84,"column":53},"end":{"line":84,"column":85}}]},"8":{"loc":{"start":{"line":86,"column":4},"end":{"line":86,"column":72}},"type":"if","locations":[{"start":{"line":86,"column":4},"end":{"line":86,"column":72}},{"start":{},"end":{}}]},"9":{"loc":{"start":{"line":12,"column":44},"end":{"line":12,"column":null}},"type":"cond-expr","locations":[{"start":{"line":12,"column":55},"end":{"line":12,"column":null}},{"start":{"line":12,"column":55},"end":{"line":12,"column":null}}]},"10":{"loc":{"start":{"line":12,"column":44},"end":{"line":12,"column":55}},"type":"binary-expr","locations":[{"start":{"line":12,"column":44},"end":{"line":12,"column":null}},{"start":{"line":12,"column":44},"end":{"line":12,"column":55}}]}},"s":{"0":2,"1":2,"2":2,"3":2,"4":2,"5":8,"6":8,"7":8,"8":8,"9":8,"10":8,"11":8,"12":8,"13":8,"14":18,"15":18,"16":5,"17":13,"18":13,"19":3,"20":10,"21":10,"22":10,"23":10,"24":4,"25":4,"26":3,"27":1,"28":0,"29":2,"30":2,"31":1,"32":1,"33":0,"34":2,"35":2,"36":1,"37":1,"38":1,"39":2,"40":0,"41":2,"42":2,"43":2,"44":2,"45":1,"46":1,"47":2,"48":2},"f":{"0":8,"1":8,"2":10,"3":4,"4":2,"5":2,"6":2},"b":{"0":[8,10],"1":[3,10],"2":[10,0],"3":[1,0],"4":[0,2],"5":[2,2],"6":[2,0],"7":[2,1],"8":[1,1],"9":[2,0],"10":[2,2]}}
,"C:\\Users\\PCC\\Desktop\\HCM\\readyon-time-off-service\\src\\mock-hcm\\mock-hcm.controller.ts": {"path":"C:\\Users\\PCC\\Desktop\\HCM\\readyon-time-off-service\\src\\mock-hcm\\mock-hcm.controller.ts","statementMap":{"0":{"start":{"line":1,"column":0},"end":{"line":1,"column":110}},"1":{"start":{"line":4,"column":32},"end":{"line":63,"column":null}},"2":{"start":{"line":5,"column":30},"end":{"line":5,"column":64}},"3":{"start":{"line":8,"column":51},"end":{"line":10,"column":6}},"4":{"start":{"line":14,"column":4},"end":{"line":14,"column":33}},"5":{"start":{"line":16,"column":16},"end":{"line":16,"column":45}},"6":{"start":{"line":17,"column":20},"end":{"line":17,"column":47}},"7":{"start":{"line":18,"column":4},"end":{"line":18,"column":75}},"8":{"start":{"line":20,"column":4},"end":{"line":20,"column":48}},"9":{"start":{"line":25,"column":4},"end":{"line":25,"column":33}},"10":{"start":{"line":27,"column":57},"end":{"line":27,"column":61}},"11":{"start":{"line":28,"column":16},"end":{"line":28,"column":45}},"12":{"start":{"line":29,"column":27},"end":{"line":29,"column":54}},"13":{"start":{"line":31,"column":4},"end":{"line":34,"column":5}},"14":{"start":{"line":32,"column":6},"end":{"line":32,"column":119}},"15":{"start":{"line":33,"column":6},"end":{"line":33,"column":85}},"16":{"start":{"line":36,"column":4},"end":{"line":36,"column":36}},"17":{"start":{"line":37,"column":4},"end":{"line":37,"column":128}},"18":{"start":{"line":39,"column":4},"end":{"line":39,"column":72}},"19":{"start":{"line":44,"column":4},"end":{"line":52,"column":7}},"20":{"start":{"line":45,"column":39},"end":{"line":45,"column":53}},"21":{"start":{"line":46,"column":6},"end":{"line":51,"column":8}},"22":{"start":{"line":57,"column":26},"end":{"line":57,"column":105}},"23":{"start":{"line":58,"column":4},"end":{"line":61,"column":5}},"24":{"start":{"line":59,"column":6},"end":{"line":59,"column":71}},"25":{"start":{"line":60,"column":6},"end":{"line":60,"column":90}},"26":{"start":{"line":4,"column":15},"end":{"line":4,"column":32}},"27":{"start":{"line":13,"column":8},"end":{"line":21,"column":null}},"28":{"start":{"line":24,"column":8},"end":{"line":40,"column":null}},"29":{"start":{"line":43,"column":8},"end":{"line":53,"column":null}},"30":{"start":{"line":4,"column":15},"end":{"line":63,"column":null}}},"fnMap":{"0":{"name":"(anonymous_4)","decl":{"start":{"line":13,"column":8},"end":{"line":13,"column":18}},"loc":{"start":{"line":13,"column":99},"end":{"line":21,"column":3}}},"1":{"name":"(anonymous_5)","decl":{"start":{"line":24,"column":8},"end":{"line":24,"column":21}},"loc":{"start":{"line":24,"column":112},"end":{"line":40,"column":3}}},"2":{"name":"(anonymous_6)","decl":{"start":{"line":43,"column":8},"end":{"line":43,"column":19}},"loc":{"start":{"line":43,"column":19},"end":{"line":53,"column":3}}},"3":{"name":"(anonymous_7)","decl":{"start":{"line":44,"column":49},"end":{"line":44,"column":50}},"loc":{"start":{"line":44,"column":68},"end":{"line":52,"column":5}}},"4":{"name":"(anonymous_8)","decl":{"start":{"line":55,"column":10},"end":{"line":55,"column":31}},"loc":{"start":{"line":55,"column":31},"end":{"line":62,"column":3}}}},"branchMap":{"0":{"loc":{"start":{"line":17,"column":20},"end":{"line":17,"column":47}},"type":"binary-expr","locations":[{"start":{"line":17,"column":20},"end":{"line":17,"column":42}},{"start":{"line":17,"column":46},"end":{"line":17,"column":47}}]},"1":{"loc":{"start":{"line":29,"column":27},"end":{"line":29,"column":54}},"type":"binary-expr","locations":[{"start":{"line":29,"column":27},"end":{"line":29,"column":49}},{"start":{"line":29,"column":53},"end":{"line":29,"column":54}}]},"2":{"loc":{"start":{"line":31,"column":4},"end":{"line":34,"column":5}},"type":"if","locations":[{"start":{"line":31,"column":4},"end":{"line":34,"column":5}},{"start":{},"end":{}}]},"3":{"loc":{"start":{"line":57,"column":26},"end":{"line":57,"column":105}},"type":"cond-expr","locations":[{"start":{"line":57,"column":59},"end":{"line":57,"column":101}},{"start":{"line":57,"column":104},"end":{"line":57,"column":105}}]},"4":{"loc":{"start":{"line":58,"column":4},"end":{"line":61,"column":5}},"type":"if","locations":[{"start":{"line":58,"column":4},"end":{"line":61,"column":5}},{"start":{},"end":{}}]}},"s":{"0":0,"1":0,"2":0,"3":0,"4":0,"5":0,"6":0,"7":0,"8":0,"9":0,"10":0,"11":0,"12":0,"13":0,"14":0,"15":0,"16":0,"17":0,"18":0,"19":0,"20":0,"21":0,"22":0,"23":0,"24":0,"25":0,"26":0,"27":0,"28":0,"29":0,"30":0},"f":{"0":0,"1":0,"2":0,"3":0,"4":0},"b":{"0":[0,0],"1":[0,0],"2":[0,0],"3":[0,0],"4":[0,0]}}
,"C:\\Users\\PCC\\Desktop\\HCM\\readyon-time-off-service\\src\\time-off\\time-off.controller.ts": {"path":"C:\\Users\\PCC\\Desktop\\HCM\\readyon-time-off-service\\src\\time-off\\time-off.controller.ts","statementMap":{"0":{"start":{"line":1,"column":0},"end":{"line":1,"column":106}},"1":{"start":{"line":2,"column":0},"end":{"line":2,"column":52}},"2":{"start":{"line":3,"column":0},"end":{"line":3,"column":67}},"3":{"start":{"line":4,"column":0},"end":{"line":4,"column":60}},"4":{"start":{"line":7,"column":7},"end":{"line":46,"column":null}},"5":{"start":{"line":8,"column":31},"end":{"line":8,"column":47}},"6":{"start":{"line":12,"column":4},"end":{"line":12,"column":55}},"7":{"start":{"line":21,"column":4},"end":{"line":21,"column":72}},"8":{"start":{"line":29,"column":4},"end":{"line":29,"column":61}},"9":{"start":{"line":37,"column":4},"end":{"line":37,"column":60}},"10":{"start":{"line":44,"column":4},"end":{"line":44,"column":51}},"11":{"start":{"line":7,"column":13},"end":{"line":7,"column":30}},"12":{"start":{"line":11,"column":8},"end":{"line":13,"column":null}},"13":{"start":{"line":17,"column":8},"end":{"line":22,"column":null}},"14":{"start":{"line":25,"column":8},"end":{"line":30,"column":null}},"15":{"start":{"line":33,"column":8},"end":{"line":38,"column":null}},"16":{"start":{"line":43,"column":8},"end":{"line":45,"column":null}},"17":{"start":{"line":7,"column":13},"end":{"line":46,"column":null}}},"fnMap":{"0":{"name":"(anonymous_4)","decl":{"start":{"line":8,"column":2},"end":{"line":8,"column":31}},"loc":{"start":{"line":8,"column":61},"end":{"line":8,"column":65}}},"1":{"name":"(anonymous_5)","decl":{"start":{"line":11,"column":8},"end":{"line":11,"column":18}},"loc":{"start":{"line":11,"column":58},"end":{"line":13,"column":3}}},"2":{"name":"(anonymous_6)","decl":{"start":{"line":17,"column":8},"end":{"line":17,"column":21}},"loc":{"start":{"line":19,"column":57},"end":{"line":22,"column":3}}},"3":{"name":"(anonymous_7)","decl":{"start":{"line":25,"column":8},"end":{"line":25,"column":22}},"loc":{"start":{"line":27,"column":39},"end":{"line":30,"column":3}}},"4":{"name":"(anonymous_8)","decl":{"start":{"line":33,"column":8},"end":{"line":33,"column":21}},"loc":{"start":{"line":35,"column":39},"end":{"line":38,"column":3}}},"5":{"name":"(anonymous_9)","decl":{"start":{"line":43,"column":8},"end":{"line":43,"column":19}},"loc":{"start":{"line":43,"column":19},"end":{"line":45,"column":3}}}},"branchMap":{"0":{"loc":{"start":{"line":18,"column":23},"end":{"line":18,"column":null}},"type":"cond-expr","locations":[{"start":{"line":18,"column":46},"end":{"line":18,"column":null}},{"start":{"line":18,"column":46},"end":{"line":18,"column":null}}]},"1":{"loc":{"start":{"line":18,"column":23},"end":{"line":18,"column":46}},"type":"binary-expr","locations":[{"start":{"line":18,"column":23},"end":{"line":18,"column":null}},{"start":{"line":18,"column":23},"end":{"line":18,"column":46}}]},"2":{"loc":{"start":{"line":27,"column":23},"end":{"line":27,"column":null}},"type":"cond-expr","locations":[{"start":{"line":27,"column":39},"end":{"line":27,"column":null}},{"start":{"line":27,"column":39},"end":{"line":27,"column":null}}]},"3":{"loc":{"start":{"line":27,"column":23},"end":{"line":27,"column":39}},"type":"binary-expr","locations":[{"start":{"line":27,"column":23},"end":{"line":27,"column":null}},{"start":{"line":27,"column":23},"end":{"line":27,"column":39}}]},"4":{"loc":{"start":{"line":35,"column":23},"end":{"line":35,"column":null}},"type":"cond-expr","locations":[{"start":{"line":35,"column":39},"end":{"line":35,"column":null}},{"start":{"line":35,"column":39},"end":{"line":35,"column":null}}]},"5":{"loc":{"start":{"line":35,"column":23},"end":{"line":35,"column":39}},"type":"binary-expr","locations":[{"start":{"line":35,"column":23},"end":{"line":35,"column":null}},{"start":{"line":35,"column":23},"end":{"line":35,"column":39}}]},"6":{"loc":{"start":{"line":8,"column":47},"end":{"line":8,"column":64}},"type":"cond-expr","locations":[{"start":{"line":8,"column":61},"end":{"line":8,"column":64}},{"start":{"line":8,"column":61},"end":{"line":8,"column":64}}]},"7":{"loc":{"start":{"line":8,"column":47},"end":{"line":8,"column":61}},"type":"binary-expr","locations":[{"start":{"line":8,"column":47},"end":{"line":8,"column":64}},{"start":{"line":8,"column":47},"end":{"line":8,"column":61}}]}},"s":{"0":0,"1":0,"2":0,"3":0,"4":0,"5":0,"6":0,"7":0,"8":0,"9":0,"10":0,"11":0,"12":0,"13":0,"14":0,"15":0,"16":0,"17":0},"f":{"0":0,"1":0,"2":0,"3":0,"4":0,"5":0},"b":{"0":[0,0],"1":[0,0],"2":[0,0],"3":[0,0],"4":[0,0],"5":[0,0],"6":[0,0],"7":[0,0]}}
,"C:\\Users\\PCC\\Desktop\\HCM\\readyon-time-off-service\\src\\time-off\\time-off.module.ts": {"path":"C:\\Users\\PCC\\Desktop\\HCM\\readyon-time-off-service\\src\\time-off\\time-off.module.ts","statementMap":{"0":{"start":{"line":1,"column":0},"end":{"line":1,"column":40}},"1":{"start":{"line":2,"column":0},"end":{"line":2,"column":48}},"2":{"start":{"line":3,"column":0},"end":{"line":3,"column":58}},"3":{"start":{"line":4,"column":0},"end":{"line":4,"column":52}},"4":{"start":{"line":5,"column":0},"end":{"line":5,"column":54}},"5":{"start":{"line":6,"column":0},"end":{"line":6,"column":68}},"6":{"start":{"line":7,"column":0},"end":{"line":7,"column":68}},"7":{"start":{"line":8,"column":0},"end":{"line":8,"column":75}},"8":{"start":{"line":9,"column":0},"end":{"line":9,"column":63}},"9":{"start":{"line":10,"column":0},"end":{"line":10,"column":46}},"10":{"start":{"line":21,"column":7},"end":{"line":21,"column":null}},"11":{"start":{"line":21,"column":13},"end":{"line":21,"column":26}},"12":{"start":{"line":21,"column":13},"end":{"line":21,"column":null}}},"fnMap":{},"branchMap":{},"s":{"0":0,"1":0,"2":0,"3":0,"4":0,"5":0,"6":0,"7":0,"8":0,"9":0,"10":0,"11":0,"12":0},"f":{},"b":{}}
,"C:\\Users\\PCC\\Desktop\\HCM\\readyon-time-off-service\\src\\time-off\\time-off.service.ts": {"path":"C:\\Users\\PCC\\Desktop\\HCM\\readyon-time-off-service\\src\\time-off\\time-off.service.ts","statementMap":{"0":{"start":{"line":1,"column":0},"end":{"line":1,"column":165}},"1":{"start":{"line":2,"column":0},"end":{"line":2,"column":51}},"2":{"start":{"line":3,"column":0},"end":{"line":3,"column":85}},"3":{"start":{"line":4,"column":0},"end":{"line":4,"column":54}},"4":{"start":{"line":5,"column":0},"end":{"line":5,"column":68}},"5":{"start":{"line":6,"column":0},"end":{"line":6,"column":83}},"6":{"start":{"line":7,"column":0},"end":{"line":7,"column":75}},"7":{"start":{"line":8,"column":0},"end":{"line":8,"column":63}},"8":{"start":{"line":11,"column":0},"end":{"line":11,"column":48}},"9":{"start":{"line":12,"column":0},"end":{"line":12,"column":36}},"10":{"start":{"line":15,"column":27},"end":{"line":205,"column":null}},"11":{"start":{"line":16,"column":28},"end":{"line":16,"column":59}},"12":{"start":{"line":17,"column":38},"end":{"line":17,"column":49}},"13":{"start":{"line":21,"column":12},"end":{"line":21,"column":32}},"14":{"start":{"line":23,"column":12},"end":{"line":23,"column":31}},"15":{"start":{"line":25,"column":12},"end":{"line":25,"column":31}},"16":{"start":{"line":27,"column":12},"end":{"line":27,"column":35}},"17":{"start":{"line":29,"column":12},"end":{"line":29,"column":29}},"18":{"start":{"line":30,"column":12},"end":{"line":30,"column":24}},"19":{"start":{"line":31,"column":12},"end":{"line":31,"column":24}},"20":{"start":{"line":35,"column":4},"end":{"line":35,"column":72}},"21":{"start":{"line":41,"column":4},"end":{"line":57,"column":7}},"22":{"start":{"line":42,"column":25},"end":{"line":42,"column":26}},"23":{"start":{"line":43,"column":20},"end":{"line":43,"column":21}},"24":{"start":{"line":45,"column":6},"end":{"line":56,"column":7}},"25":{"start":{"line":46,"column":8},"end":{"line":55,"column":9}},"26":{"start":{"line":47,"column":10},"end":{"line":47,"column":66}},"27":{"start":{"line":49,"column":10},"end":{"line":53,"column":11}},"28":{"start":{"line":50,"column":12},"end":{"line":50,"column":22}},"29":{"start":{"line":51,"column":12},"end":{"line":51,"column":93}},"30":{"start":{"line":52,"column":12},"end":{"line":52,"column":21}},"31":{"start":{"line":54,"column":10},"end":{"line":54,"column":22}},"32":{"start":{"line":61,"column":4},"end":{"line":64,"column":5}},"33":{"start":{"line":62,"column":21},"end":{"line":62,"column":97}},"34":{"start":{"line":63,"column":6},"end":{"line":63,"column":53}},"35":{"start":{"line":63,"column":18},"end":{"line":63,"column":53}},"36":{"start":{"line":66,"column":4},"end":{"line":93,"column":7}},"37":{"start":{"line":67,"column":57},"end":{"line":67,"column":60}},"38":{"start":{"line":69,"column":22},"end":{"line":71,"column":8}},"39":{"start":{"line":73,"column":6},"end":{"line":73,"column":78}},"40":{"start":{"line":73,"column":20},"end":{"line":73,"column":78}},"41":{"start":{"line":75,"column":24},"end":{"line":75,"column":81}},"42":{"start":{"line":76,"column":6},"end":{"line":78,"column":7}},"43":{"start":{"line":77,"column":8},"end":{"line":77,"column":107}},"44":{"start":{"line":80,"column":6},"end":{"line":80,"column":81}},"45":{"start":{"line":81,"column":6},"end":{"line":81,"column":34}},"46":{"start":{"line":83,"column":22},"end":{"line":83,"column":95}},"47":{"start":{"line":84,"column":27},"end":{"line":84,"column":54}},"48":{"start":{"line":86,"column":6},"end":{"line":86,"column":121}},"49":{"start":{"line":88,"column":6},"end":{"line":90,"column":7}},"50":{"start":{"line":89,"column":8},"end":{"line":89,"column":125}},"51":{"start":{"line":92,"column":6},"end":{"line":92,"column":26}},"52":{"start":{"line":97,"column":27},"end":{"line":97,"column":49}},"53":{"start":{"line":99,"column":19},"end":{"line":99,"column":95}},"54":{"start":{"line":100,"column":4},"end":{"line":100,"column":51}},"55":{"start":{"line":100,"column":16},"end":{"line":100,"column":51}},"56":{"start":{"line":102,"column":20},"end":{"line":102,"column":86}},"57":{"start":{"line":103,"column":4},"end":{"line":105,"column":5}},"58":{"start":{"line":104,"column":6},"end":{"line":104,"column":81}},"59":{"start":{"line":107,"column":23},"end":{"line":107,"column":124}},"60":{"start":{"line":108,"column":4},"end":{"line":111,"column":5}},"61":{"start":{"line":109,"column":6},"end":{"line":109,"column":78}},"62":{"start":{"line":110,"column":6},"end":{"line":110,"column":85}},"63":{"start":{"line":114,"column":4},"end":{"line":119,"column":5}},"64":{"start":{"line":115,"column":6},"end":{"line":115,"column":127}},"65":{"start":{"line":117,"column":6},"end":{"line":117,"column":87}},"66":{"start":{"line":118,"column":6},"end":{"line":118,"column":70}},"67":{"start":{"line":121,"column":4},"end":{"line":144,"column":5}},"68":{"start":{"line":122,"column":6},"end":{"line":140,"column":9}},"69":{"start":{"line":123,"column":24},"end":{"line":123,"column":153}},"70":{"start":{"line":124,"column":8},"end":{"line":128,"column":9}},"71":{"start":{"line":125,"column":10},"end":{"line":125,"column":85}},"72":{"start":{"line":126,"column":10},"end":{"line":126,"column":101}},"73":{"start":{"line":127,"column":10},"end":{"line":127,"column":38}},"74":{"start":{"line":130,"column":8},"end":{"line":130,"column":48}},"75":{"start":{"line":131,"column":8},"end":{"line":131,"column":60}},"76":{"start":{"line":132,"column":8},"end":{"line":132,"column":43}},"77":{"start":{"line":133,"column":29},"end":{"line":133,"column":56}},"78":{"start":{"line":135,"column":25},"end":{"line":135,"column":71}},"79":{"start":{"line":136,"column":8},"end":{"line":136,"column":103}},"80":{"start":{"line":137,"column":8},"end":{"line":137,"column":121}},"81":{"start":{"line":139,"column":8},"end":{"line":139,"column":24}},"82":{"start":{"line":142,"column":6},"end":{"line":142,"column":75}},"83":{"start":{"line":143,"column":6},"end":{"line":143,"column":79}},"84":{"start":{"line":148,"column":4},"end":{"line":163,"column":7}},"85":{"start":{"line":149,"column":22},"end":{"line":149,"column":89}},"86":{"start":{"line":150,"column":6},"end":{"line":150,"column":119}},"87":{"start":{"line":150,"column":64},"end":{"line":150,"column":119}},"88":{"start":{"line":152,"column":22},"end":{"line":152,"column":151}},"89":{"start":{"line":153,"column":6},"end":{"line":156,"column":7}},"90":{"start":{"line":154,"column":8},"end":{"line":154,"column":112}},"91":{"start":{"line":155,"column":8},"end":{"line":155,"column":36}},"92":{"start":{"line":158,"column":6},"end":{"line":158,"column":46}},"93":{"start":{"line":159,"column":6},"end":{"line":159,"column":58}},"94":{"start":{"line":160,"column":20},"end":{"line":160,"column":47}},"95":{"start":{"line":161,"column":6},"end":{"line":161,"column":94}},"96":{"start":{"line":162,"column":6},"end":{"line":162,"column":19}},"97":{"start":{"line":167,"column":21},"end":{"line":167,"column":64}},"98":{"start":{"line":168,"column":4},"end":{"line":183,"column":7}},"99":{"start":{"line":169,"column":24},"end":{"line":169,"column":25}},"100":{"start":{"line":170,"column":6},"end":{"line":181,"column":7}},"101":{"start":{"line":171,"column":24},"end":{"line":173,"column":10}},"102":{"start":{"line":174,"column":8},"end":{"line":180,"column":9}},"103":{"start":{"line":175,"column":25},"end":{"line":175,"column":40}},"104":{"start":{"line":176,"column":10},"end":{"line":176,"column":41}},"105":{"start":{"line":177,"column":10},"end":{"line":177,"column":38}},"106":{"start":{"line":178,"column":10},"end":{"line":178,"column":120}},"107":{"start":{"line":179,"column":10},"end":{"line":179,"column":24}},"108":{"start":{"line":182,"column":6},"end":{"line":182,"column":64}},"109":{"start":{"line":187,"column":4},"end":{"line":199,"column":7}},"110":{"start":{"line":188,"column":22},"end":{"line":190,"column":8}},"111":{"start":{"line":191,"column":6},"end":{"line":194,"column":7}},"112":{"start":{"line":192,"column":8},"end":{"line":192,"column":112}},"113":{"start":{"line":193,"column":8},"end":{"line":193,"column":36}},"114":{"start":{"line":195,"column":6},"end":{"line":195,"column":49}},"115":{"start":{"line":196,"column":6},"end":{"line":196,"column":58}},"116":{"start":{"line":197,"column":6},"end":{"line":197,"column":34}},"117":{"start":{"line":198,"column":6},"end":{"line":198,"column":89}},"118":{"start":{"line":203,"column":4},"end":{"line":203,"column":126}},"119":{"start":{"line":15,"column":13},"end":{"line":15,"column":27}},"120":{"start":{"line":15,"column":13},"end":{"line":205,"column":null}}},"fnMap":{"0":{"name":"(anonymous_4)","decl":{"start":{"line":19,"column":2},"end":{"line":19,"column":null}},"loc":{"start":{"line":31,"column":34},"end":{"line":32,"column":6}}},"1":{"name":"(anonymous_5)","decl":{"start":{"line":34,"column":2},"end":{"line":34,"column":7}},"loc":{"start":{"line":34,"column":38},"end":{"line":36,"column":3}}},"2":{"name":"(anonymous_6)","decl":{"start":{"line":38,"column":2},"end":{"line":38,"column":7}},"loc":{"start":{"line":38,"column":75},"end":{"line":58,"column":3}}},"3":{"name":"(anonymous_7)","decl":{"start":{"line":41,"column":52},"end":{"line":41,"column":57}},"loc":{"start":{"line":41,"column":63},"end":{"line":57,"column":5}}},"4":{"name":"(anonymous_8)","decl":{"start":{"line":60,"column":10},"end":{"line":60,"column":15}},"loc":{"start":{"line":60,"column":86},"end":{"line":94,"column":3}}},"5":{"name":"(anonymous_9)","decl":{"start":{"line":66,"column":45},"end":{"line":66,"column":50}},"loc":{"start":{"line":66,"column":63},"end":{"line":93,"column":5}}},"6":{"name":"(anonymous_10)","decl":{"start":{"line":96,"column":2},"end":{"line":96,"column":7}},"loc":{"start":{"line":96,"column":63},"end":{"line":145,"column":3}}},"7":{"name":"(anonymous_11)","decl":{"start":{"line":122,"column":47},"end":{"line":122,"column":52}},"loc":{"start":{"line":122,"column":65},"end":{"line":140,"column":7}}},"8":{"name":"(anonymous_12)","decl":{"start":{"line":147,"column":2},"end":{"line":147,"column":7}},"loc":{"start":{"line":147,"column":62},"end":{"line":164,"column":3}}},"9":{"name":"(anonymous_13)","decl":{"start":{"line":148,"column":45},"end":{"line":148,"column":50}},"loc":{"start":{"line":148,"column":63},"end":{"line":163,"column":5}}},"10":{"name":"(anonymous_14)","decl":{"start":{"line":166,"column":2},"end":{"line":166,"column":7}},"loc":{"start":{"line":166,"column":25},"end":{"line":184,"column":3}}},"11":{"name":"(anonymous_15)","decl":{"start":{"line":168,"column":45},"end":{"line":168,"column":50}},"loc":{"start":{"line":168,"column":63},"end":{"line":183,"column":5}}},"12":{"name":"(anonymous_16)","decl":{"start":{"line":186,"column":10},"end":{"line":186,"column":15}},"loc":{"start":{"line":186,"column":76},"end":{"line":200,"column":3}}},"13":{"name":"(anonymous_17)","decl":{"start":{"line":187,"column":38},"end":{"line":187,"column":43}},"loc":{"start":{"line":187,"column":56},"end":{"line":199,"column":5}}},"14":{"name":"(anonymous_18)","decl":{"start":{"line":202,"column":10},"end":{"line":202,"column":15}},"loc":{"start":{"line":202,"column":97},"end":{"line":204,"column":3}}}},"branchMap":{"0":{"loc":{"start":{"line":49,"column":10},"end":{"line":53,"column":11}},"type":"if","locations":[{"start":{"line":49,"column":10},"end":{"line":53,"column":11}},{"start":{},"end":{}}]},"1":{"loc":{"start":{"line":49,"column":14},"end":{"line":49,"column":93}},"type":"binary-expr","locations":[{"start":{"line":49,"column":14},"end":{"line":49,"column":65}},{"start":{"line":49,"column":69},"end":{"line":49,"column":93}}]},"2":{"loc":{"start":{"line":61,"column":4},"end":{"line":64,"column":5}},"type":"if","locations":[{"start":{"line":61,"column":4},"end":{"line":64,"column":5}},{"start":{},"end":{}}]},"3":{"loc":{"start":{"line":63,"column":6},"end":{"line":63,"column":53}},"type":"if","locations":[{"start":{"line":63,"column":6},"end":{"line":63,"column":53}},{"start":{},"end":{}}]},"4":{"loc":{"start":{"line":73,"column":6},"end":{"line":73,"column":78}},"type":"if","locations":[{"start":{"line":73,"column":6},"end":{"line":73,"column":78}},{"start":{},"end":{}}]},"5":{"loc":{"start":{"line":76,"column":6},"end":{"line":78,"column":7}},"type":"if","locations":[{"start":{"line":76,"column":6},"end":{"line":78,"column":7}},{"start":{},"end":{}}]},"6":{"loc":{"start":{"line":88,"column":6},"end":{"line":90,"column":7}},"type":"if","locations":[{"start":{"line":88,"column":6},"end":{"line":90,"column":7}},{"start":{},"end":{}}]},"7":{"loc":{"start":{"line":100,"column":4},"end":{"line":100,"column":51}},"type":"if","locations":[{"start":{"line":100,"column":4},"end":{"line":100,"column":51}},{"start":{},"end":{}}]},"8":{"loc":{"start":{"line":103,"column":4},"end":{"line":105,"column":5}},"type":"if","locations":[{"start":{"line":103,"column":4},"end":{"line":105,"column":5}},{"start":{},"end":{}}]},"9":{"loc":{"start":{"line":103,"column":8},"end":{"line":103,"column":60}},"type":"binary-expr","locations":[{"start":{"line":103,"column":8},"end":{"line":103,"column":16}},{"start":{"line":103,"column":20},"end":{"line":103,"column":60}}]},"10":{"loc":{"start":{"line":108,"column":4},"end":{"line":111,"column":5}},"type":"if","locations":[{"start":{"line":108,"column":4},"end":{"line":111,"column":5}},{"start":{},"end":{}}]},"11":{"loc":{"start":{"line":124,"column":8},"end":{"line":128,"column":9}},"type":"if","locations":[{"start":{"line":124,"column":8},"end":{"line":128,"column":9}},{"start":{},"end":{}}]},"12":{"loc":{"start":{"line":131,"column":33},"end":{"line":131,"column":59}},"type":"binary-expr","locations":[{"start":{"line":131,"column":33},"end":{"line":131,"column":51}},{"start":{"line":131,"column":55},"end":{"line":131,"column":59}}]},"13":{"loc":{"start":{"line":150,"column":6},"end":{"line":150,"column":119}},"type":"if","locations":[{"start":{"line":150,"column":6},"end":{"line":150,"column":119}},{"start":{},"end":{}}]},"14":{"loc":{"start":{"line":150,"column":10},"end":{"line":150,"column":62}},"type":"binary-expr","locations":[{"start":{"line":150,"column":10},"end":{"line":150,"column":18}},{"start":{"line":150,"column":22},"end":{"line":150,"column":62}}]},"15":{"loc":{"start":{"line":153,"column":6},"end":{"line":156,"column":7}},"type":"if","locations":[{"start":{"line":153,"column":6},"end":{"line":156,"column":7}},{"start":{},"end":{}}]},"16":{"loc":{"start":{"line":159,"column":31},"end":{"line":159,"column":57}},"type":"binary-expr","locations":[{"start":{"line":159,"column":31},"end":{"line":159,"column":49}},{"start":{"line":159,"column":53},"end":{"line":159,"column":57}}]},"17":{"loc":{"start":{"line":174,"column":8},"end":{"line":180,"column":9}},"type":"if","locations":[{"start":{"line":174,"column":8},"end":{"line":180,"column":9}},{"start":{},"end":{}}]},"18":{"loc":{"start":{"line":174,"column":12},"end":{"line":174,"column":71}},"type":"binary-expr","locations":[{"start":{"line":174,"column":12},"end":{"line":174,"column":19}},{"start":{"line":174,"column":23},"end":{"line":174,"column":71}}]},"19":{"loc":{"start":{"line":191,"column":6},"end":{"line":194,"column":7}},"type":"if","locations":[{"start":{"line":191,"column":6},"end":{"line":194,"column":7}},{"start":{},"end":{}}]},"20":{"loc":{"start":{"line":21,"column":32},"end":{"line":21,"column":52}},"type":"cond-expr","locations":[{"start":{"line":21,"column":42},"end":{"line":21,"column":52}},{"start":{"line":21,"column":42},"end":{"line":21,"column":52}}]},"21":{"loc":{"start":{"line":21,"column":32},"end":{"line":21,"column":42}},"type":"binary-expr","locations":[{"start":{"line":21,"column":32},"end":{"line":21,"column":52}},{"start":{"line":21,"column":32},"end":{"line":21,"column":42}}]},"22":{"loc":{"start":{"line":21,"column":42},"end":{"line":23,"column":57}},"type":"cond-expr","locations":[{"start":{"line":23,"column":41},"end":{"line":23,"column":57}},{"start":{"line":23,"column":41},"end":{"line":23,"column":57}}]},"23":{"loc":{"start":{"line":21,"column":42},"end":{"line":23,"column":41}},"type":"binary-expr","locations":[{"start":{"line":21,"column":42},"end":{"line":23,"column":57}},{"start":{"line":23,"column":31},"end":{"line":23,"column":41}}]},"24":{"loc":{"start":{"line":23,"column":41},"end":{"line":25,"column":57}},"type":"cond-expr","locations":[{"start":{"line":25,"column":41},"end":{"line":25,"column":57}},{"start":{"line":25,"column":41},"end":{"line":25,"column":57}}]},"25":{"loc":{"start":{"line":23,"column":41},"end":{"line":25,"column":41}},"type":"binary-expr","locations":[{"start":{"line":23,"column":41},"end":{"line":25,"column":57}},{"start":{"line":25,"column":31},"end":{"line":25,"column":41}}]},"26":{"loc":{"start":{"line":25,"column":41},"end":{"line":27,"column":61}},"type":"cond-expr","locations":[{"start":{"line":27,"column":45},"end":{"line":27,"column":61}},{"start":{"line":27,"column":45},"end":{"line":27,"column":61}}]},"27":{"loc":{"start":{"line":25,"column":41},"end":{"line":27,"column":45}},"type":"binary-expr","locations":[{"start":{"line":25,"column":41},"end":{"line":27,"column":61}},{"start":{"line":27,"column":35},"end":{"line":27,"column":45}}]},"28":{"loc":{"start":{"line":27,"column":45},"end":{"line":29,"column":49}},"type":"cond-expr","locations":[{"start":{"line":29,"column":39},"end":{"line":29,"column":49}},{"start":{"line":29,"column":39},"end":{"line":29,"column":49}}]},"29":{"loc":{"start":{"line":27,"column":45},"end":{"line":29,"column":39}},"type":"binary-expr","locations":[{"start":{"line":27,"column":45},"end":{"line":29,"column":49}},{"start":{"line":29,"column":29},"end":{"line":29,"column":39}}]},"30":{"loc":{"start":{"line":29,"column":39},"end":{"line":30,"column":null}},"type":"cond-expr","locations":[{"start":{"line":30,"column":34},"end":{"line":30,"column":null}},{"start":{"line":30,"column":34},"end":{"line":30,"column":null}}]},"31":{"loc":{"start":{"line":29,"column":39},"end":{"line":30,"column":34}},"type":"binary-expr","locations":[{"start":{"line":29,"column":39},"end":{"line":30,"column":null}},{"start":{"line":30,"column":24},"end":{"line":30,"column":34}}]},"32":{"loc":{"start":{"line":30,"column":34},"end":{"line":31,"column":null}},"type":"cond-expr","locations":[{"start":{"line":31,"column":34},"end":{"line":31,"column":null}},{"start":{"line":31,"column":34},"end":{"line":31,"column":null}}]},"33":{"loc":{"start":{"line":30,"column":34},"end":{"line":31,"column":34}},"type":"binary-expr","locations":[{"start":{"line":30,"column":34},"end":{"line":31,"column":null}},{"start":{"line":31,"column":24},"end":{"line":31,"column":34}}]}},"s":{"0":1,"1":1,"2":1,"3":1,"4":1,"5":1,"6":1,"7":1,"8":1,"9":1,"10":1,"11":7,"12":7,"13":7,"14":7,"15":7,"16":7,"17":7,"18":7,"19":7,"20":0,"21":3,"22":3,"23":3,"24":3,"25":3,"26":3,"27":1,"28":0,"29":0,"30":0,"31":1,"32":3,"33":1,"34":1,"35":1,"36":2,"37":2,"38":2,"39":2,"40":0,"41":2,"42":2,"43":1,"44":1,"45":1,"46":1,"47":1,"48":1,"49":1,"50":0,"51":1,"52":2,"53":2,"54":2,"55":0,"56":2,"57":2,"58":0,"59":2,"60":2,"61":1,"62":1,"63":1,"64":1,"65":0,"66":0,"67":1,"68":1,"69":1,"70":1,"71":1,"72":1,"73":1,"74":1,"75":1,"76":1,"77":1,"78":1,"79":1,"80":1,"81":1,"82":0,"83":0,"84":1,"85":1,"86":1,"87":0,"88":1,"89":1,"90":1,"91":1,"92":1,"93":1,"94":1,"95":1,"96":1,"97":1,"98":1,"99":1,"100":1,"101":1,"102":1,"103":1,"104":1,"105":1,"106":1,"107":1,"108":1,"109":1,"110":1,"111":1,"112":1,"113":1,"114":1,"115":1,"116":1,"117":1,"118":5,"119":1,"120":1},"f":{"0":7,"1":0,"2":3,"3":3,"4":3,"5":2,"6":2,"7":1,"8":1,"9":1,"10":1,"11":1,"12":1,"13":1,"14":5},"b":{"0":[0,1],"1":[1,0],"2":[1,2],"3":[1,0],"4":[0,2],"5":[1,1],"6":[0,1],"7":[0,2],"8":[0,2],"9":[2,2],"10":[1,1],"11":[1,0],"12":[1,0],"13":[0,1],"14":[1,1],"15":[1,0],"16":[1,0],"17":[1,0],"18":[1,1],"19":[1,0],"20":[1,0],"21":[1,1],"22":[1,0],"23":[1,1],"24":[1,0],"25":[1,1],"26":[1,0],"27":[1,1],"28":[1,0],"29":[1,1],"30":[1,0],"31":[1,1],"32":[1,0],"33":[1,1]}}
,"C:\\Users\\PCC\\Desktop\\HCM\\readyon-time-off-service\\src\\time-off\\dto\\approve-reject.dto.ts": {"path":"C:\\Users\\PCC\\Desktop\\HCM\\readyon-time-off-service\\src\\time-off\\dto\\approve-reject.dto.ts","statementMap":{"0":{"start":{"line":1,"column":0},"end":{"line":1,"column":55}},"1":{"start":{"line":3,"column":0},"end":{"line":3,"column":13}},"2":{"start":{"line":6,"column":2},"end":{"line":6,"column":null}}},"fnMap":{},"branchMap":{},"s":{"0":0,"1":0,"2":0},"f":{},"b":{}}
,"C:\\Users\\PCC\\Desktop\\HCM\\readyon-time-off-service\\src\\time-off\\dto\\create-request.dto.ts": {"path":"C:\\Users\\PCC\\Desktop\\HCM\\readyon-time-off-service\\src\\time-off\\dto\\create-request.dto.ts","statementMap":{"0":{"start":{"line":1,"column":0},"end":{"line":1,"column":104}},"1":{"start":{"line":3,"column":0},"end":{"line":3,"column":13}},"2":{"start":{"line":6,"column":2},"end":{"line":6,"column":null}},"3":{"start":{"line":10,"column":2},"end":{"line":10,"column":null}},"4":{"start":{"line":14,"column":2},"end":{"line":14,"column":null}},"5":{"start":{"line":18,"column":2},"end":{"line":18,"column":null}},"6":{"start":{"line":23,"column":2},"end":{"line":23,"column":null}},"7":{"start":{"line":27,"column":2},"end":{"line":27,"column":27}}},"fnMap":{},"branchMap":{},"s":{"0":0,"1":0,"2":0,"3":0,"4":0,"5":0,"6":0,"7":0},"f":{},"b":{}}
,"C:\\Users\\PCC\\Desktop\\HCM\\readyon-time-off-service\\src\\time-off\\entities\\employee.entity.ts": {"path":"C:\\Users\\PCC\\Desktop\\HCM\\readyon-time-off-service\\src\\time-off\\entities\\employee.entity.ts","statementMap":{"0":{"start":{"line":1,"column":0},"end":{"line":1,"column":76}},"1":{"start":{"line":2,"column":0},"end":{"line":2,"column":59}},"2":{"start":{"line":3,"column":0},"end":{"line":3,"column":59}},"3":{"start":{"line":6,"column":7},"end":{"line":24,"column":null}},"4":{"start":{"line":6,"column":13},"end":{"line":6,"column":21}},"5":{"start":{"line":8,"column":2},"end":{"line":8,"column":null}},"6":{"start":{"line":11,"column":2},"end":{"line":11,"column":null}},"7":{"start":{"line":14,"column":2},"end":{"line":14,"column":null}},"8":{"start":{"line":17,"column":2},"end":{"line":17,"column":null}},"9":{"start":{"line":20,"column":2},"end":{"line":20,"column":null}},"10":{"start":{"line":19,"column":19},"end":{"line":19,"column":33}},"11":{"start":{"line":19,"column":48},"end":{"line":19,"column":64}},"12":{"start":{"line":23,"column":2},"end":{"line":23,"column":null}},"13":{"start":{"line":22,"column":19},"end":{"line":22,"column":33}},"14":{"start":{"line":22,"column":48},"end":{"line":22,"column":64}},"15":{"start":{"line":6,"column":13},"end":{"line":24,"column":null}}},"fnMap":{"0":{"name":"(anonymous_2)","decl":{"start":{"line":19,"column":13},"end":{"line":19,"column":16}},"loc":{"start":{"line":19,"column":19},"end":{"line":19,"column":33}}},"1":{"name":"(anonymous_3)","decl":{"start":{"line":19,"column":35},"end":{"line":19,"column":36}},"loc":{"start":{"line":19,"column":48},"end":{"line":19,"column":64}}},"2":{"name":"(anonymous_4)","decl":{"start":{"line":22,"column":13},"end":{"line":22,"column":16}},"loc":{"start":{"line":22,"column":19},"end":{"line":22,"column":33}}},"3":{"name":"(anonymous_5)","decl":{"start":{"line":22,"column":35},"end":{"line":22,"column":36}},"loc":{"start":{"line":22,"column":48},"end":{"line":22,"column":64}}}},"branchMap":{},"s":{"0":1,"1":1,"2":1,"3":1,"4":1,"5":1,"6":1,"7":1,"8":1,"9":1,"10":0,"11":0,"12":1,"13":0,"14":0,"15":1},"f":{"0":0,"1":0,"2":0,"3":0},"b":{}}
,"C:\\Users\\PCC\\Desktop\\HCM\\readyon-time-off-service\\src\\time-off\\entities\\time-off-balance.entity.ts": {"path":"C:\\Users\\PCC\\Desktop\\HCM\\readyon-time-off-service\\src\\time-off\\entities\\time-off-balance.entity.ts","statementMap":{"0":{"start":{"line":1,"column":0},"end":{"line":1,"column":103}},"1":{"start":{"line":2,"column":0},"end":{"line":2,"column":45}},"2":{"start":{"line":5,"column":7},"end":{"line":30,"column":null}},"3":{"start":{"line":5,"column":13},"end":{"line":5,"column":27}},"4":{"start":{"line":7,"column":2},"end":{"line":7,"column":null}},"5":{"start":{"line":10,"column":2},"end":{"line":10,"column":null}},"6":{"start":{"line":13,"column":2},"end":{"line":13,"column":null}},"7":{"start":{"line":16,"column":2},"end":{"line":16,"column":19}},"8":{"start":{"line":19,"column":2},"end":{"line":19,"column":27}},"9":{"start":{"line":22,"column":2},"end":{"line":22,"column":null}},"10":{"start":{"line":25,"column":2},"end":{"line":25,"column":19}},"11":{"start":{"line":29,"column":2},"end":{"line":29,"column":null}},"12":{"start":{"line":27,"column":19},"end":{"line":27,"column":27}},"13":{"start":{"line":27,"column":43},"end":{"line":27,"column":60}},"14":{"start":{"line":5,"column":13},"end":{"line":30,"column":null}}},"fnMap":{"0":{"name":"(anonymous_2)","decl":{"start":{"line":27,"column":13},"end":{"line":27,"column":16}},"loc":{"start":{"line":27,"column":19},"end":{"line":27,"column":27}}},"1":{"name":"(anonymous_3)","decl":{"start":{"line":27,"column":29},"end":{"line":27,"column":30}},"loc":{"start":{"line":27,"column":43},"end":{"line":27,"column":60}}}},"branchMap":{"0":{"loc":{"start":{"line":29,"column":12},"end":{"line":29,"column":21}},"type":"cond-expr","locations":[{"start":{"line":29,"column":20},"end":{"line":29,"column":21}},{"start":{"line":29,"column":20},"end":{"line":29,"column":21}}]},"1":{"loc":{"start":{"line":29,"column":12},"end":{"line":29,"column":20}},"type":"binary-expr","locations":[{"start":{"line":29,"column":12},"end":{"line":29,"column":21}},{"start":{"line":29,"column":12},"end":{"line":29,"column":20}}]}},"s":{"0":1,"1":1,"2":1,"3":1,"4":1,"5":1,"6":1,"7":1,"8":1,"9":1,"10":1,"11":1,"12":0,"13":0,"14":1},"f":{"0":0,"1":0},"b":{"0":[0,1],"1":[1,0]}}
,"C:\\Users\\PCC\\Desktop\\HCM\\readyon-time-off-service\\src\\time-off\\entities\\time-off-request.entity.ts": {"path":"C:\\Users\\PCC\\Desktop\\HCM\\readyon-time-off-service\\src\\time-off\\entities\\time-off-request.entity.ts","statementMap":{"0":{"start":{"line":1,"column":0},"end":{"line":1,"column":139}},"1":{"start":{"line":2,"column":0},"end":{"line":2,"column":45}},"2":{"start":{"line":4,"column":0},"end":{"line":4,"column":null}},"3":{"start":{"line":5,"column":2},"end":{"line":5,"column":null}},"4":{"start":{"line":6,"column":2},"end":{"line":6,"column":null}},"5":{"start":{"line":7,"column":2},"end":{"line":7,"column":null}},"6":{"start":{"line":8,"column":2},"end":{"line":8,"column":null}},"7":{"start":{"line":9,"column":2},"end":{"line":9,"column":null}},"8":{"start":{"line":13,"column":7},"end":{"line":50,"column":null}},"9":{"start":{"line":13,"column":13},"end":{"line":13,"column":27}},"10":{"start":{"line":15,"column":2},"end":{"line":15,"column":null}},"11":{"start":{"line":18,"column":2},"end":{"line":18,"column":null}},"12":{"start":{"line":21,"column":2},"end":{"line":21,"column":null}},"13":{"start":{"line":24,"column":2},"end":{"line":24,"column":null}},"14":{"start":{"line":27,"column":2},"end":{"line":27,"column":null}},"15":{"start":{"line":30,"column":2},"end":{"line":30,"column":null}},"16":{"start":{"line":33,"column":2},"end":{"line":33,"column":null}},"17":{"start":{"line":36,"column":2},"end":{"line":36,"column":null}},"18":{"start":{"line":39,"column":2},"end":{"line":39,"column":null}},"19":{"start":{"line":43,"column":2},"end":{"line":43,"column":null}},"20":{"start":{"line":41,"column":19},"end":{"line":41,"column":27}},"21":{"start":{"line":41,"column":43},"end":{"line":41,"column":60}},"22":{"start":{"line":46,"column":2},"end":{"line":46,"column":null}},"23":{"start":{"line":49,"column":2},"end":{"line":49,"column":null}},"24":{"start":{"line":13,"column":13},"end":{"line":50,"column":null}}},"fnMap":{"0":{"name":"(anonymous_2)","decl":{"start":{"line":4,"column":0},"end":{"line":4,"column":12}},"loc":{"start":{"line":4,"column":25},"end":{"line":10,"column":1}}},"1":{"name":"(anonymous_3)","decl":{"start":{"line":41,"column":13},"end":{"line":41,"column":16}},"loc":{"start":{"line":41,"column":19},"end":{"line":41,"column":27}}},"2":{"name":"(anonymous_4)","decl":{"start":{"line":41,"column":29},"end":{"line":41,"column":30}},"loc":{"start":{"line":41,"column":43},"end":{"line":41,"column":60}}}},"branchMap":{"0":{"loc":{"start":{"line":4,"column":12},"end":{"line":4,"column":null}},"type":"binary-expr","locations":[{"start":{"line":4,"column":12},"end":{"line":4,"column":25}},{"start":{"line":4,"column":25},"end":{"line":4,"column":null}}]},"1":{"loc":{"start":{"line":43,"column":12},"end":{"line":43,"column":21}},"type":"cond-expr","locations":[{"start":{"line":43,"column":20},"end":{"line":43,"column":21}},{"start":{"line":43,"column":20},"end":{"line":43,"column":21}}]},"2":{"loc":{"start":{"line":43,"column":12},"end":{"line":43,"column":20}},"type":"binary-expr","locations":[{"start":{"line":43,"column":12},"end":{"line":43,"column":21}},{"start":{"line":43,"column":12},"end":{"line":43,"column":20}}]},"3":{"loc":{"start":{"line":46,"column":13},"end":{"line":46,"column":18}},"type":"cond-expr","locations":[{"start":{"line":46,"column":17},"end":{"line":46,"column":18}},{"start":{"line":46,"column":17},"end":{"line":46,"column":18}}]},"4":{"loc":{"start":{"line":46,"column":13},"end":{"line":46,"column":17}},"type":"binary-expr","locations":[{"start":{"line":46,"column":13},"end":{"line":46,"column":18}},{"start":{"line":46,"column":13},"end":{"line":46,"column":17}}]},"5":{"loc":{"start":{"line":49,"column":13},"end":{"line":49,"column":18}},"type":"cond-expr","locations":[{"start":{"line":49,"column":17},"end":{"line":49,"column":18}},{"start":{"line":49,"column":17},"end":{"line":49,"column":18}}]},"6":{"loc":{"start":{"line":49,"column":13},"end":{"line":49,"column":17}},"type":"binary-expr","locations":[{"start":{"line":49,"column":13},"end":{"line":49,"column":18}},{"start":{"line":49,"column":13},"end":{"line":49,"column":17}}]}},"s":{"0":1,"1":1,"2":1,"3":1,"4":1,"5":1,"6":1,"7":1,"8":1,"9":1,"10":1,"11":1,"12":1,"13":1,"14":1,"15":1,"16":1,"17":1,"18":1,"19":1,"20":0,"21":0,"22":1,"23":1,"24":1},"f":{"0":1,"1":0,"2":0},"b":{"0":[1,1],"1":[0,1],"2":[1,0],"3":[1,0],"4":[1,1],"5":[1,0],"6":[1,1]}}
}
