TN:
SF:src\app.controller.ts
FN:6,(anonymous_2)
FN:9,(anonymous_3)
FNF:2
FNH:2
FNDA:1,(anonymous_2)
FNDA:1,(anonymous_3)
DA:1,1
DA:2,1
DA:5,1
DA:6,1
DA:9,1
DA:10,1
LF:6
LH:6
BRDA:6,0,0,1
BRDA:6,0,1,0
BRDA:6,1,0,1
BRDA:6,1,1,1
BRF:4
BRH:3
end_of_record
TN:
SF:src\app.module.ts
FNF:0
FNH:0
DA:1,0
DA:2,0
DA:3,0
DA:4,0
DA:5,0
DA:6,0
DA:7,0
DA:8,0
DA:9,0
DA:10,0
DA:11,0
DA:30,0
LF:12
LH:0
BRDA:20,0,0,0
BRDA:20,0,1,0
BRF:2
BRH:0
end_of_record
TN:
SF:src\app.service.ts
FN:5,(anonymous_1)
FNF:1
FNH:1
FNDA:1,(anonymous_1)
DA:1,1
DA:4,1
DA:6,1
LF:3
LH:3
BRF:0
BRH:0
end_of_record
TN:
SF:src\main.ts
FN:6,bootstrap
FNF:1
FNH:0
FNDA:0,bootstrap
DA:1,0
DA:2,0
DA:3,0
DA:4,0
DA:7,0
DA:8,0
DA:11,0
DA:18,0
DA:20,0
DA:21,0
DA:22,0
DA:24,0
LF:12
LH:0
BRDA:20,0,0,0
BRDA:20,0,1,0
BRF:2
BRH:0
end_of_record
TN:
SF:src\common\entities\audit-log.entity.ts
FNF:0
FNH:0
DA:1,1
DA:4,1
DA:6,1
DA:9,1
DA:12,1
DA:15,1
DA:18,1
DA:21,1
DA:24,1
LF:9
LH:9
BRDA:24,0,0,1
BRDA:24,0,1,0
BRDA:24,1,0,1
BRDA:24,1,1,1
BRF:4
BRH:3
end_of_record
TN:
SF:src\common\entities\idempotency-key.entity.ts
FNF:0
FNH:0
DA:1,1
DA:4,1
DA:6,1
DA:9,1
DA:12,1
DA:15,1
LF:6
LH:6
BRDA:15,0,0,1
BRDA:15,0,1,0
BRDA:15,1,0,1
BRDA:15,1,1,1
BRF:4
BRH:3
end_of_record
TN:
SF:src\common\filters\all-exceptions.filter.ts
FN:6,(anonymous_1)
FNF:1
FNH:0
FNDA:0,(anonymous_1)
DA:1,0
DA:5,0
DA:7,0
DA:8,0
DA:9,0
DA:12,0
DA:17,0
DA:21,0
LF:8
LH:0
BRDA:12,0,0,0
BRDA:12,0,1,0
BRDA:17,1,0,0
BRDA:17,1,1,0
BRF:4
BRH:0
end_of_record
TN:
SF:src\hcm\hcm.module.ts
FNF:0
FNH:0
DA:1,0
DA:2,0
DA:3,0
DA:10,0
LF:4
LH:0
BRF:0
BRH:0
end_of_record
TN:
SF:src\hcm\hcm.service.ts
FN:12,(anonymous_2)
FN:20,(anonymous_3)
FN:26,(anonymous_4)
FN:44,(anonymous_5)
FN:49,(anonymous_6)
FN:59,(anonymous_7)
FN:69,(anonymous_8)
FN:79,(anonymous_9)
FNF:8
FNH:8
FNDA:8,(anonymous_2)
FNDA:2,(anonymous_3)
FNDA:8,(anonymous_4)
FNDA:10,(anonymous_5)
FNDA:4,(anonymous_6)
FNDA:2,(anonymous_7)
FNDA:2,(anonymous_8)
FNDA:2,(anonymous_9)
DA:1,2
DA:2,2
DA:3,2
DA:4,2
DA:7,2
DA:8,8
DA:10,8
DA:12,8
DA:13,8
DA:19,8
DA:20,8
DA:21,2
DA:22,2
DA:27,8
DA:28,8
DA:29,8
DA:31,8
DA:32,17
DA:33,17
DA:38,5
DA:40,12
DA:41,12
DA:42,10
DA:43,10
DA:44,10
DA:50,4
DA:51,4
DA:52,3
DA:54,1
DA:55,0
DA:60,2
DA:61,2
DA:62,1
DA:64,1
DA:65,0
DA:70,2
DA:71,2
DA:72,1
DA:74,0
DA:75,0
DA:80,2
DA:81,2
DA:84,0
DA:85,0
DA:86,0
DA:88,0
DA:89,0
LF:47
LH:38
BRDA:34,0,0,8
BRDA:34,0,1,9
BRDA:41,1,0,2
BRDA:41,1,1,10
BRDA:72,2,0,1
BRDA:72,2,1,0
BRDA:80,3,0,2
BRDA:80,3,1,0
BRDA:80,4,0,2
BRDA:80,4,1,0
BRDA:85,5,0,0
BRDA:85,5,1,0
BRDA:86,6,0,0
BRDA:86,6,1,0
BRDA:88,7,0,0
BRDA:88,7,1,0
BRDA:12,8,0,2
BRDA:12,8,1,0
BRDA:12,9,0,2
BRDA:12,9,1,2
BRF:20
BRH:10
end_of_record
TN:
SF:src\mock-hcm\mock-hcm.controller.ts
FN:13,(anonymous_4)
FN:24,(anonymous_5)
FN:43,(anonymous_6)
FN:44,(anonymous_7)
FN:55,(anonymous_8)
FNF:5
FNH:0
FNDA:0,(anonymous_4)
FNDA:0,(anonymous_5)
FNDA:0,(anonymous_6)
FNDA:0,(anonymous_7)
FNDA:0,(anonymous_8)
DA:1,0
DA:4,0
DA:5,0
DA:8,0
DA:13,0
DA:14,0
DA:16,0
DA:17,0
DA:18,0
DA:20,0
DA:24,0
DA:25,0
DA:27,0
DA:28,0
DA:29,0
DA:31,0
DA:32,0
DA:33,0
DA:36,0
DA:37,0
DA:39,0
DA:43,0
DA:44,0
DA:45,0
DA:46,0
DA:57,0
DA:58,0
DA:59,0
DA:60,0
LF:29
LH:0
BRDA:17,0,0,0
BRDA:17,0,1,0
BRDA:29,1,0,0
BRDA:29,1,1,0
BRDA:31,2,0,0
BRDA:31,2,1,0
BRDA:57,3,0,0
BRDA:57,3,1,0
BRDA:58,4,0,0
BRDA:58,4,1,0
BRF:10
BRH:0
end_of_record
TN:
SF:src\time-off\time-off.controller.ts
FN:8,(anonymous_4)
FN:11,(anonymous_5)
FN:17,(anonymous_6)
FN:25,(anonymous_7)
FN:33,(anonymous_8)
FN:43,(anonymous_9)
FNF:6
FNH:0
FNDA:0,(anonymous_4)
FNDA:0,(anonymous_5)
FNDA:0,(anonymous_6)
FNDA:0,(anonymous_7)
FNDA:0,(anonymous_8)
FNDA:0,(anonymous_9)
DA:1,0
DA:2,0
DA:3,0
DA:4,0
DA:7,0
DA:8,0
DA:11,0
DA:12,0
DA:17,0
DA:21,0
DA:25,0
DA:29,0
DA:33,0
DA:37,0
DA:43,0
DA:44,0
LF:16
LH:0
BRDA:18,0,0,0
BRDA:18,0,1,0
BRDA:18,1,0,0
BRDA:18,1,1,0
BRDA:27,2,0,0
BRDA:27,2,1,0
BRDA:27,3,0,0
BRDA:27,3,1,0
BRDA:35,4,0,0
BRDA:35,4,1,0
BRDA:35,5,0,0
BRDA:35,5,1,0
BRDA:8,6,0,0
BRDA:8,6,1,0
BRDA:8,7,0,0
BRDA:8,7,1,0
BRF:16
BRH:0
end_of_record
TN:
SF:src\time-off\time-off.module.ts
FNF:0
FNH:0
DA:1,0
DA:2,0
DA:3,0
DA:4,0
DA:5,0
DA:6,0
DA:7,0
DA:8,0
DA:9,0
DA:10,0
DA:21,0
LF:11
LH:0
BRF:0
BRH:0
end_of_record
TN:
SF:src\time-off\time-off.service.ts
FN:19,(anonymous_4)
FN:34,(anonymous_5)
FN:38,(anonymous_6)
FN:41,(anonymous_7)
FN:60,(anonymous_8)
FN:66,(anonymous_9)
FN:96,(anonymous_10)
FN:122,(anonymous_11)
FN:147,(anonymous_12)
FN:148,(anonymous_13)
FN:166,(anonymous_14)
FN:168,(anonymous_15)
FN:186,(anonymous_16)
FN:187,(anonymous_17)
FN:202,(anonymous_18)
FNF:15
FNH:14
FNDA:7,(anonymous_4)
FNDA:0,(anonymous_5)
FNDA:3,(anonymous_6)
FNDA:3,(anonymous_7)
FNDA:3,(anonymous_8)
FNDA:2,(anonymous_9)
FNDA:2,(anonymous_10)
FNDA:1,(anonymous_11)
FNDA:1,(anonymous_12)
FNDA:1,(anonymous_13)
FNDA:1,(anonymous_14)
FNDA:1,(anonymous_15)
FNDA:1,(anonymous_16)
FNDA:1,(anonymous_17)
FNDA:5,(anonymous_18)
DA:1,1
DA:2,1
DA:3,1
DA:4,1
DA:5,1
DA:6,1
DA:7,1
DA:8,1
DA:11,1
DA:12,1
DA:15,1
DA:16,7
DA:17,7
DA:21,7
DA:23,7
DA:25,7
DA:27,7
DA:29,7
DA:30,7
DA:31,7
DA:35,0
DA:41,3
DA:42,3
DA:43,3
DA:45,3
DA:46,3
DA:47,3
DA:49,1
DA:50,0
DA:51,0
DA:52,0
DA:54,1
DA:61,3
DA:62,1
DA:63,1
DA:66,2
DA:67,2
DA:69,2
DA:73,2
DA:75,2
DA:76,2
DA:77,1
DA:80,1
DA:81,1
DA:83,1
DA:84,1
DA:86,1
DA:88,1
DA:89,0
DA:92,1
DA:97,2
DA:99,2
DA:100,2
DA:102,2
DA:103,2
DA:104,0
DA:107,2
DA:108,2
DA:109,1
DA:110,1
DA:114,1
DA:115,1
DA:117,0
DA:118,0
DA:121,1
DA:122,1
DA:123,1
DA:124,1
DA:125,1
DA:126,1
DA:127,1
DA:130,1
DA:131,1
DA:132,1
DA:133,1
DA:135,1
DA:136,1
DA:137,1
DA:139,1
DA:142,0
DA:143,0
DA:148,1
DA:149,1
DA:150,1
DA:152,1
DA:153,1
DA:154,1
DA:155,1
DA:158,1
DA:159,1
DA:160,1
DA:161,1
DA:162,1
DA:167,1
DA:168,1
DA:169,1
DA:170,1
DA:171,1
DA:174,1
DA:175,1
DA:176,1
DA:177,1
DA:178,1
DA:179,1
DA:182,1
DA:187,1
DA:188,1
DA:191,1
DA:192,1
DA:193,1
DA:195,1
DA:196,1
DA:197,1
DA:198,1
DA:203,5
LF:115
LH:105
BRDA:49,0,0,0
BRDA:49,0,1,1
BRDA:49,1,0,1
BRDA:49,1,1,0
BRDA:61,2,0,1
BRDA:61,2,1,2
BRDA:63,3,0,1
BRDA:63,3,1,0
BRDA:73,4,0,0
BRDA:73,4,1,2
BRDA:76,5,0,1
BRDA:76,5,1,1
BRDA:88,6,0,0
BRDA:88,6,1,1
BRDA:100,7,0,0
BRDA:100,7,1,2
BRDA:103,8,0,0
BRDA:103,8,1,2
BRDA:103,9,0,2
BRDA:103,9,1,2
BRDA:108,10,0,1
BRDA:108,10,1,1
BRDA:124,11,0,1
BRDA:124,11,1,0
BRDA:131,12,0,1
BRDA:131,12,1,0
BRDA:150,13,0,0
BRDA:150,13,1,1
BRDA:150,14,0,1
BRDA:150,14,1,1
BRDA:153,15,0,1
BRDA:153,15,1,0
BRDA:159,16,0,1
BRDA:159,16,1,0
BRDA:174,17,0,1
BRDA:174,17,1,0
BRDA:174,18,0,1
BRDA:174,18,1,1
BRDA:191,19,0,1
BRDA:191,19,1,0
BRDA:21,20,0,1
BRDA:21,20,1,0
BRDA:21,21,0,1
BRDA:21,21,1,1
BRDA:21,22,0,1
BRDA:21,22,1,0
BRDA:21,23,0,1
BRDA:21,23,1,1
BRDA:23,24,0,1
BRDA:23,24,1,0
BRDA:23,25,0,1
BRDA:23,25,1,1
BRDA:25,26,0,1
BRDA:25,26,1,0
BRDA:25,27,0,1
BRDA:25,27,1,1
BRDA:27,28,0,1
BRDA:27,28,1,0
BRDA:27,29,0,1
BRDA:27,29,1,1
BRDA:29,30,0,1
BRDA:29,30,1,0
BRDA:29,31,0,1
BRDA:29,31,1,1
BRDA:30,32,0,1
BRDA:30,32,1,0
BRDA:30,33,0,1
BRDA:30,33,1,1
BRF:68
BRH:47
end_of_record
TN:
SF:src\time-off\dto\approve-reject.dto.ts
FNF:0
FNH:0
DA:1,0
DA:3,0
DA:6,0
LF:3
LH:0
BRF:0
BRH:0
end_of_record
TN:
SF:src\time-off\dto\create-request.dto.ts
FNF:0
FNH:0
DA:1,0
DA:3,0
DA:6,0
DA:10,0
DA:14,0
DA:18,0
DA:23,0
DA:27,0
LF:8
LH:0
BRF:0
BRH:0
end_of_record
TN:
SF:src\time-off\entities\employee.entity.ts
FN:19,(anonymous_2)
FN:19,(anonymous_3)
FN:22,(anonymous_4)
FN:22,(anonymous_5)
FNF:4
FNH:0
FNDA:0,(anonymous_2)
FNDA:0,(anonymous_3)
FNDA:0,(anonymous_4)
FNDA:0,(anonymous_5)
DA:1,1
DA:2,1
DA:3,1
DA:6,1
DA:8,1
DA:11,1
DA:14,1
DA:17,1
DA:19,0
DA:20,1
DA:22,0
DA:23,1
LF:12
LH:10
BRF:0
BRH:0
end_of_record
TN:
SF:src\time-off\entities\time-off-balance.entity.ts
FN:27,(anonymous_2)
FN:27,(anonymous_3)
FNF:2
FNH:0
FNDA:0,(anonymous_2)
FNDA:0,(anonymous_3)
DA:1,1
DA:2,1
DA:5,1
DA:7,1
DA:10,1
DA:13,1
DA:16,1
DA:19,1
DA:22,1
DA:25,1
DA:27,0
DA:29,1
LF:12
LH:11
BRDA:29,0,0,0
BRDA:29,0,1,1
BRDA:29,1,0,1
BRDA:29,1,1,0
BRF:4
BRH:2
end_of_record
TN:
SF:src\time-off\entities\time-off-request.entity.ts
FN:4,(anonymous_2)
FN:41,(anonymous_3)
FN:41,(anonymous_4)
FNF:3
FNH:1
FNDA:1,(anonymous_2)
FNDA:0,(anonymous_3)
FNDA:0,(anonymous_4)
DA:1,1
DA:2,1
DA:4,1
DA:5,1
DA:6,1
DA:7,1
DA:8,1
DA:9,1
DA:13,1
DA:15,1
DA:18,1
DA:21,1
DA:24,1
DA:27,1
DA:30,1
DA:33,1
DA:36,1
DA:39,1
DA:41,0
DA:43,1
DA:46,1
DA:49,1
LF:22
LH:21
BRDA:4,0,0,1
BRDA:4,0,1,1
BRDA:43,1,0,0
BRDA:43,1,1,1
BRDA:43,2,0,1
BRDA:43,2,1,0
BRDA:46,3,0,1
BRDA:46,3,1,0
BRDA:46,4,0,1
BRDA:46,4,1,1
BRDA:49,5,0,1
BRDA:49,5,1,0
BRDA:49,6,0,1
BRDA:49,6,1,1
BRF:14
BRH:10
end_of_record
